{
  "stats": {
    "suites": 1,
    "tests": 6,
    "passes": 6,
    "pending": 0,
    "failures": 0,
    "start": "2021-03-26T14:08:12.147Z",
    "end": "2021-03-26T14:08:28.657Z",
    "duration": 16510,
    "testsRegistered": 6,
    "passPercent": 100,
    "pendingPercent": 0,
    "other": 0,
    "hasOther": false,
    "skipped": 0,
    "hasSkipped": false
  },
  "results": [
    {
      "uuid": "27795395-b1cb-4a2c-bfdf-3691b1b0f68c",
      "title": "",
      "fullFile": "cypress/integration/profileClient.spec.js",
      "file": "cypress/integration/profileClient.spec.js",
      "beforeHooks": [],
      "afterHooks": [],
      "tests": [],
      "suites": [
        {
          "uuid": "5c1dec2b-9d80-4995-bca7-2bc639a5eddd",
          "title": "Criar tela de perfil do cliente",
          "fullFile": "",
          "file": "",
          "beforeHooks": [],
          "afterHooks": [],
          "tests": [
            {
              "title": "Será validado que é possível acessar a tela de perfil do cliente",
              "fullTitle": "Criar tela de perfil do cliente Será validado que é possível acessar a tela de perfil do cliente",
              "timedOut": null,
              "duration": 3132,
              "state": "passed",
              "speed": "slow",
              "pass": true,
              "fail": false,
              "pending": false,
              "context": null,
              "code": "(0, _actionBase.verifyContainsUrl)(\"\".concat(Cypress.config().baseUrl, \"/profile\"));",
              "err": {},
              "uuid": "dd12cca1-acee-458e-990c-b8f578f04695",
              "parentUUID": "5c1dec2b-9d80-4995-bca7-2bc639a5eddd",
              "isHook": false,
              "skipped": false
            },
            {
              "title": "Será validado que contém os atributos descritos no protótipo",
              "fullTitle": "Criar tela de perfil do cliente Será validado que contém os atributos descritos no protótipo",
              "timedOut": null,
              "duration": 2459,
              "state": "passed",
              "speed": "slow",
              "pass": true,
              "fail": false,
              "pending": false,
              "context": null,
              "code": "(0, _actionBase.verifyElementVisible)('[data-testid=\"profile-name-input\"]');\n(0, _actionBase.verifyElementVisible)('[data-testid=\"profile-email-input\"]');\n(0, _actionBase.verifyContainsText)('Salvar');\n(0, _actionBase.verifyElementVisible)('[data-testid=\"profile-save-btn\"]');\n(0, _actionBase.verifyElementContainsText)('[data-testid=\"top-title\"]', 'Meu perfil');",
              "err": {},
              "uuid": "ecf74482-357d-4e43-87a7-a1c5a1309fc0",
              "parentUUID": "5c1dec2b-9d80-4995-bca7-2bc639a5eddd",
              "isHook": false,
              "skipped": false
            },
            {
              "title": "Será validado que campo email está como readonly",
              "fullTitle": "Criar tela de perfil do cliente Será validado que campo email está como readonly",
              "timedOut": null,
              "duration": 2387,
              "state": "passed",
              "speed": "slow",
              "pass": true,
              "fail": false,
              "pending": false,
              "context": null,
              "code": "(0, _actionBase.verifyElementContainsAttribute)('[data-testid=\"profile-email-input\"]', 'readonly');",
              "err": {},
              "uuid": "4400ddf0-aa44-4def-b80a-b84857116dcc",
              "parentUUID": "5c1dec2b-9d80-4995-bca7-2bc639a5eddd",
              "isHook": false,
              "skipped": false
            },
            {
              "title": "Será validado que o botão salvar fique desabilitado caso não altere o nome",
              "fullTitle": "Criar tela de perfil do cliente Será validado que o botão salvar fique desabilitado caso não altere o nome",
              "timedOut": null,
              "duration": 2456,
              "state": "passed",
              "speed": "slow",
              "pass": true,
              "fail": false,
              "pending": false,
              "context": null,
              "code": "(0, _actionBase.verifyElementIsDisable)('[data-testid=\"profile-save-btn\"]');",
              "err": {},
              "uuid": "d4c5a326-78a1-4923-98af-7f5e4a7a3467",
              "parentUUID": "5c1dec2b-9d80-4995-bca7-2bc639a5eddd",
              "isHook": false,
              "skipped": false
            },
            {
              "title": "Será validado que o botão salvar fique habilitado caso altere o nome",
              "fullTitle": "Criar tela de perfil do cliente Será validado que o botão salvar fique habilitado caso altere o nome",
              "timedOut": null,
              "duration": 2842,
              "state": "passed",
              "speed": "slow",
              "pass": true,
              "fail": false,
              "pending": false,
              "context": null,
              "code": "cy.get('[data-testid=\"profile-name-input\"]').clear().type('testebatitaosilva');\n(0, _actionBase.verifyElementNotContainsAttribute)('[data-testid=\"profile-save-btn\"]', 'disable');",
              "err": {},
              "uuid": "eb446fb0-599a-44a7-98b4-4f62a454fa82",
              "parentUUID": "5c1dec2b-9d80-4995-bca7-2bc639a5eddd",
              "isHook": false,
              "skipped": false
            },
            {
              "title": "Será validado que é possível alterar o nome com sucesso",
              "fullTitle": "Criar tela de perfil do cliente Será validado que é possível alterar o nome com sucesso",
              "timedOut": null,
              "duration": 2957,
              "state": "passed",
              "speed": "slow",
              "pass": true,
              "fail": false,
              "pending": false,
              "context": null,
              "code": "cy.get('[data-testid=\"profile-name-input\"]').clear().type('testebatitaosilva');\n(0, _actionBase.clickButton)('[data-testid=\"profile-save-btn\"]');\n(0, _actionBase.verifyContainsText)('Atualização concluída com sucesso');",
              "err": {},
              "uuid": "5dc5928e-e2c1-49f0-827a-22f56c55903f",
              "parentUUID": "5c1dec2b-9d80-4995-bca7-2bc639a5eddd",
              "isHook": false,
              "skipped": false
            }
          ],
          "suites": [],
          "passes": [
            "dd12cca1-acee-458e-990c-b8f578f04695",
            "ecf74482-357d-4e43-87a7-a1c5a1309fc0",
            "4400ddf0-aa44-4def-b80a-b84857116dcc",
            "d4c5a326-78a1-4923-98af-7f5e4a7a3467",
            "eb446fb0-599a-44a7-98b4-4f62a454fa82",
            "5dc5928e-e2c1-49f0-827a-22f56c55903f"
          ],
          "failures": [],
          "pending": [],
          "skipped": [],
          "duration": 16233,
          "root": false,
          "rootEmpty": false,
          "_timeout": 2000
        }
      ],
      "passes": [],
      "failures": [],
      "pending": [],
      "skipped": [],
      "duration": 0,
      "root": true,
      "rootEmpty": true,
      "_timeout": 2000
    }
  ],
  "meta": {
    "mocha": {
      "version": "7.0.1"
    },
    "mochawesome": {
      "options": {
        "quiet": false,
        "reportFilename": "mochawesome",
        "saveHtml": false,
        "saveJson": true,
        "consoleReporter": "spec",
        "useInlineDiffs": false
      },
      "version": "4.1.0"
    },
    "marge": {
      "options": {
        "id": "default",
        "reportDir": "cypress/reports",
        "overwrite": false,
        "html": false,
        "json": true
      },
      "version": "4.1.0"
    }
  }
}