{
  "stats": {
    "suites": 1,
    "tests": 5,
    "passes": 5,
    "pending": 0,
    "failures": 0,
    "start": "2021-03-26T14:05:22.429Z",
    "end": "2021-03-26T14:05:37.836Z",
    "duration": 15407,
    "testsRegistered": 5,
    "passPercent": 100,
    "pendingPercent": 0,
    "other": 0,
    "hasOther": false,
    "skipped": 0,
    "hasSkipped": false
  },
  "results": [
    {
      "uuid": "1f6ba78a-424c-47ae-88df-8359299d09ca",
      "title": "",
      "fullFile": "cypress/integration/ordersClient.spec.js",
      "file": "cypress/integration/ordersClient.spec.js",
      "beforeHooks": [],
      "afterHooks": [],
      "tests": [],
      "suites": [
        {
          "uuid": "a7616356-f0bf-4707-9d88-00c958bfa70a",
          "title": "Criar tela de meus pedidos",
          "fullFile": "",
          "file": "",
          "beforeHooks": [],
          "afterHooks": [],
          "tests": [
            {
              "title": "Será validado que é possível acessar a tela de meus pedidos",
              "fullTitle": "Criar tela de meus pedidos Será validado que é possível acessar a tela de meus pedidos",
              "timedOut": null,
              "duration": 4444,
              "state": "passed",
              "speed": "slow",
              "pass": true,
              "fail": false,
              "pending": false,
              "context": null,
              "code": "(0, _actionBase.login)(Cypress.env('login'), Cypress.env('password'));\n(0, _actionBase.buyOneProduct)();\n(0, _actionBase.accessOrdersClient)();\n(0, _actionBase.verifyContainsUrl)(\"\".concat(Cypress.config().baseUrl, \"/orders\"));",
              "err": {},
              "uuid": "dad4ce17-2dc9-4111-901d-2bd6e1627957",
              "parentUUID": "a7616356-f0bf-4707-9d88-00c958bfa70a",
              "isHook": false,
              "skipped": false
            },
            {
              "title": "Será validado que contém os atributos descritos no protótipo",
              "fullTitle": "Criar tela de meus pedidos Será validado que contém os atributos descritos no protótipo",
              "timedOut": null,
              "duration": 3508,
              "state": "passed",
              "speed": "slow",
              "pass": true,
              "fail": false,
              "pending": false,
              "context": null,
              "code": "(0, _actionBase.login)(Cypress.env('login'), Cypress.env('password'));\n(0, _actionBase.buyOneProduct)();\n(0, _actionBase.accessOrdersClient)();\n(0, _actionBase.verifyElementVisible)('[data-testid=\"top-title\"]');\n(0, _actionBase.verifyElementVisible)('[data-testid=\"0-order-number\"]');\n(0, _actionBase.verifyElementVisible)('[data-testid=\"0-order-date\"]');\n(0, _actionBase.verifyElementVisible)('[data-testid=\"0-order-total-value\"]');",
              "err": {},
              "uuid": "7f578699-6675-43d4-b279-57fbae40ecaf",
              "parentUUID": "a7616356-f0bf-4707-9d88-00c958bfa70a",
              "isHook": false,
              "skipped": false
            },
            {
              "title": "Será validado que é possível ver que o produto tem quantidade, nome, valor total e a data da compra",
              "fullTitle": "Criar tela de meus pedidos Será validado que é possível ver que o produto tem quantidade, nome, valor total e a data da compra",
              "timedOut": null,
              "duration": 3454,
              "state": "passed",
              "speed": "slow",
              "pass": true,
              "fail": false,
              "pending": false,
              "context": null,
              "code": "var date = (0, _actionBase.getDateAndMonth)();\n(0, _actionBase.login)(Cypress.env('login'), Cypress.env('password'));\n(0, _actionBase.buyOneProduct)();\n(0, _actionBase.accessOrdersClient)();\n(0, _actionBase.verifyElementVisible)('[data-testid=\"top-title\"]');\n(0, _actionBase.verifyElementContainsText)('[data-testid=\"top-title\"]', 'Meus Pedidos');\n(0, _actionBase.verifyElementContainsText)('[data-testid=\"0-order-number\"]', 'Pedido 1');\n(0, _actionBase.verifyElementContainsText)('[data-testid=\"0-order-date\"]', date);\n(0, _actionBase.verifyElementContainsText)('[data-testid=\"0-order-total-value\"]', 'R$ 2,20');",
              "err": {},
              "uuid": "74929692-0236-4e40-9c6d-0b149c72a73e",
              "parentUUID": "a7616356-f0bf-4707-9d88-00c958bfa70a",
              "isHook": false,
              "skipped": false
            },
            {
              "title": "Será validado que é possível clicar no card e ser redirecionado para tela do detalhe do produto",
              "fullTitle": "Criar tela de meus pedidos Será validado que é possível clicar no card e ser redirecionado para tela do detalhe do produto",
              "timedOut": null,
              "duration": 3461,
              "state": "passed",
              "speed": "slow",
              "pass": true,
              "fail": false,
              "pending": false,
              "context": null,
              "code": "(0, _actionBase.login)(Cypress.env('login'), Cypress.env('password'));\n(0, _actionBase.buyOneProduct)();\n(0, _actionBase.accessOrdersClient)();\n(0, _actionBase.clickButton)('[data-testid=\"0-order-number\"]');\n(0, _actionBase.verifyContainsUrl)(\"\".concat(Cypress.config().baseUrl, \"/orders/1\"));",
              "err": {},
              "uuid": "b4fb140d-49c8-4f25-86b7-07837f30def6",
              "parentUUID": "a7616356-f0bf-4707-9d88-00c958bfa70a",
              "isHook": false,
              "skipped": false
            },
            {
              "title": "Será validado que não é possível acessar a tela de meus pedidos sem estar logado e será redirecionado para tela de login",
              "fullTitle": "Criar tela de meus pedidos Será validado que não é possível acessar a tela de meus pedidos sem estar logado e será redirecionado para tela de login",
              "timedOut": null,
              "duration": 240,
              "state": "passed",
              "speed": "slow",
              "pass": true,
              "fail": false,
              "pending": false,
              "context": null,
              "code": "cy.visit(\"\".concat(Cypress.config().baseUrl, \"/orders\"));\n(0, _actionBase.verifyContainsUrl)(\"\".concat(Cypress.config().baseUrl, \"/login\"));",
              "err": {},
              "uuid": "e84dc430-7759-4493-9770-531fc963a16d",
              "parentUUID": "a7616356-f0bf-4707-9d88-00c958bfa70a",
              "isHook": false,
              "skipped": false
            }
          ],
          "suites": [],
          "passes": [
            "dad4ce17-2dc9-4111-901d-2bd6e1627957",
            "7f578699-6675-43d4-b279-57fbae40ecaf",
            "74929692-0236-4e40-9c6d-0b149c72a73e",
            "b4fb140d-49c8-4f25-86b7-07837f30def6",
            "e84dc430-7759-4493-9770-531fc963a16d"
          ],
          "failures": [],
          "pending": [],
          "skipped": [],
          "duration": 15107,
          "root": false,
          "rootEmpty": false,
          "_timeout": 2000
        }
      ],
      "passes": [],
      "failures": [],
      "pending": [],
      "skipped": [],
      "duration": 0,
      "root": true,
      "rootEmpty": true,
      "_timeout": 2000
    }
  ],
  "meta": {
    "mocha": {
      "version": "7.0.1"
    },
    "mochawesome": {
      "options": {
        "quiet": false,
        "reportFilename": "mochawesome",
        "saveHtml": false,
        "saveJson": true,
        "consoleReporter": "spec",
        "useInlineDiffs": false
      },
      "version": "4.1.0"
    },
    "marge": {
      "options": {
        "id": "default",
        "reportDir": "cypress/reports",
        "overwrite": false,
        "html": false,
        "json": true
      },
      "version": "4.1.0"
    }
  }
}