{
  "stats": {
    "suites": 1,
    "tests": 11,
    "passes": 11,
    "pending": 0,
    "failures": 0,
    "start": "2021-03-26T14:08:33.142Z",
    "end": "2021-03-26T14:08:49.282Z",
    "duration": 16140,
    "testsRegistered": 11,
    "passPercent": 100,
    "pendingPercent": 0,
    "other": 0,
    "hasOther": false,
    "skipped": 0,
    "hasSkipped": false
  },
  "results": [
    {
      "uuid": "667f833e-1dd1-4b93-8194-32621f80ac54",
      "title": "",
      "fullFile": "cypress/integration/register.spec.js",
      "file": "cypress/integration/register.spec.js",
      "beforeHooks": [],
      "afterHooks": [],
      "tests": [],
      "suites": [
        {
          "uuid": "e0711506-2c16-4f10-a145-7a8f8af8cffa",
          "title": "Crie uma página de registro de usuários",
          "fullFile": "",
          "file": "",
          "beforeHooks": [],
          "afterHooks": [],
          "tests": [
            {
              "title": "Será validado que é possível acessar a tela de registro",
              "fullTitle": "Crie uma página de registro de usuários Será validado que é possível acessar a tela de registro",
              "timedOut": null,
              "duration": 1055,
              "state": "passed",
              "speed": "slow",
              "pass": true,
              "fail": false,
              "pending": false,
              "context": null,
              "code": "(0, _actionBase.verifyContainsUrl)(\"\".concat(Cypress.config().baseUrl, \"/register\"));",
              "err": {},
              "uuid": "87811914-a317-46ec-8d9d-9ab7ce1928ca",
              "parentUUID": "e0711506-2c16-4f10-a145-7a8f8af8cffa",
              "isHook": false,
              "skipped": false
            },
            {
              "title": "Será validado que contém os atributos descritos no protótipo",
              "fullTitle": "Crie uma página de registro de usuários Será validado que contém os atributos descritos no protótipo",
              "timedOut": null,
              "duration": 413,
              "state": "passed",
              "speed": "slow",
              "pass": true,
              "fail": false,
              "pending": false,
              "context": null,
              "code": "(0, _actionBase.verifyContainsText)('Nome');\n(0, _actionBase.verifyElementVisible)('[data-testid=\"signup-name\"]');\n(0, _actionBase.verifyContainsText)('Email');\n(0, _actionBase.verifyElementVisible)('[data-testid=\"signup-email\"]');\n(0, _actionBase.verifyContainsText)('Senha');\n(0, _actionBase.verifyElementVisible)('[data-testid=\"signup-password\"]');\n(0, _actionBase.verifyContainsText)('Quero vender');\n(0, _actionBase.verifyElementVisible)('[data-testid=\"signup-seller\"]');\n(0, _actionBase.verifyContainsText)('Cadastrar');\n(0, _actionBase.verifyElementVisible)('[data-testid=\"signup-btn\"]');",
              "err": {},
              "uuid": "77fae987-b475-4bf2-a972-7205d8bd5ddc",
              "parentUUID": "e0711506-2c16-4f10-a145-7a8f8af8cffa",
              "isHook": false,
              "skipped": false
            },
            {
              "title": "Será validado que não é possível fazer o registro com um nome com menos de 12 letras",
              "fullTitle": "Crie uma página de registro de usuários Será validado que não é possível fazer o registro com um nome com menos de 12 letras",
              "timedOut": null,
              "duration": 1261,
              "state": "passed",
              "speed": "slow",
              "pass": true,
              "fail": false,
              "pending": false,
              "context": null,
              "code": "(0, _actionBase.insertText)('[data-testid=\"signup-name\"]', 'bruno');\n(0, _actionBase.insertText)('[data-testid=\"signup-email\"]', 'email@gmail.com');\n(0, _actionBase.insertText)('[data-testid=\"signup-password\"]', '12345678');\n(0, _actionBase.verifyElementIsDisable)('[data-testid=\"signup-btn\"]');",
              "err": {},
              "uuid": "6c4a8310-c6b1-4a02-bb11-a0113a43c268",
              "parentUUID": "e0711506-2c16-4f10-a145-7a8f8af8cffa",
              "isHook": false,
              "skipped": false
            },
            {
              "title": "Será validado que não é possível fazer o registro com um nome com caracteres especiais",
              "fullTitle": "Crie uma página de registro de usuários Será validado que não é possível fazer o registro com um nome com caracteres especiais",
              "timedOut": null,
              "duration": 1428,
              "state": "passed",
              "speed": "slow",
              "pass": true,
              "fail": false,
              "pending": false,
              "context": null,
              "code": "(0, _actionBase.insertText)('[data-testid=\"signup-name\"]', 'brunobatista@@');\n(0, _actionBase.insertText)('[data-testid=\"signup-email\"]', 'email@gmail.com');\n(0, _actionBase.insertText)('[data-testid=\"signup-password\"]', '12345678');\n(0, _actionBase.verifyElementIsDisable)('[data-testid=\"signup-btn\"]');",
              "err": {},
              "uuid": "985538c7-277a-49f3-892c-82fa86487786",
              "parentUUID": "e0711506-2c16-4f10-a145-7a8f8af8cffa",
              "isHook": false,
              "skipped": false
            },
            {
              "title": "Será validado que não é possível fazer o registro com um nome com números",
              "fullTitle": "Crie uma página de registro de usuários Será validado que não é possível fazer o registro com um nome com números",
              "timedOut": null,
              "duration": 1453,
              "state": "passed",
              "speed": "slow",
              "pass": true,
              "fail": false,
              "pending": false,
              "context": null,
              "code": "(0, _actionBase.insertText)('[data-testid=\"signup-name\"]', 'brunobatista12');\n(0, _actionBase.insertText)('[data-testid=\"signup-email\"]', 'email@gmail.com');\n(0, _actionBase.insertText)('[data-testid=\"signup-password\"]', '12345678');\n(0, _actionBase.verifyElementIsDisable)('[data-testid=\"signup-btn\"]');",
              "err": {},
              "uuid": "828611be-27e6-45b8-9c58-ed9cab9d8b73",
              "parentUUID": "e0711506-2c16-4f10-a145-7a8f8af8cffa",
              "isHook": false,
              "skipped": false
            },
            {
              "title": "Será validado que não é possível fazer login com um email inválido",
              "fullTitle": "Crie uma página de registro de usuários Será validado que não é possível fazer login com um email inválido",
              "timedOut": null,
              "duration": 1284,
              "state": "passed",
              "speed": "slow",
              "pass": true,
              "fail": false,
              "pending": false,
              "context": null,
              "code": "(0, _actionBase.insertText)('[data-testid=\"signup-name\"]', 'brunobatistasilva');\n(0, _actionBase.insertText)('[data-testid=\"signup-email\"]', 'email@');\n(0, _actionBase.insertText)('[data-testid=\"signup-password\"]', '12345678');\n(0, _actionBase.verifyElementIsDisable)('[data-testid=\"signup-btn\"]');",
              "err": {},
              "uuid": "b93018a6-178d-46c3-bfec-d37c9f929c01",
              "parentUUID": "e0711506-2c16-4f10-a145-7a8f8af8cffa",
              "isHook": false,
              "skipped": false
            },
            {
              "title": "Será validado que não é possível fazer login com um email já existente",
              "fullTitle": "Crie uma página de registro de usuários Será validado que não é possível fazer login com um email já existente",
              "timedOut": null,
              "duration": 1739,
              "state": "passed",
              "speed": "slow",
              "pass": true,
              "fail": false,
              "pending": false,
              "context": null,
              "code": "(0, _actionBase.insertText)('[data-testid=\"signup-name\"]', 'bruno silva batista');\n(0, _actionBase.insertText)('[data-testid=\"signup-email\"]', 'bruno.batista@gmail.com');\n(0, _actionBase.insertText)('[data-testid=\"signup-password\"]', '12345678');\n(0, _actionBase.clickButton)('[data-testid=\"signup-btn\"]');\n(0, _actionBase.verifyContainsText)('E-mail already in database.');",
              "err": {},
              "uuid": "9cca9f66-960f-4854-833e-6731a543139c",
              "parentUUID": "e0711506-2c16-4f10-a145-7a8f8af8cffa",
              "isHook": false,
              "skipped": false
            },
            {
              "title": "Será validado que não é possível fazer login com uma senha em branco",
              "fullTitle": "Crie uma página de registro de usuários Será validado que não é possível fazer login com uma senha em branco",
              "timedOut": null,
              "duration": 1311,
              "state": "passed",
              "speed": "slow",
              "pass": true,
              "fail": false,
              "pending": false,
              "context": null,
              "code": "(0, _actionBase.insertText)('[data-testid=\"signup-name\"]', 'brunobatistasilva');\n(0, _actionBase.insertText)('[data-testid=\"signup-email\"]', 'email@gmail.com');\n(0, _actionBase.insertText)('[data-testid=\"signup-password\"]', ' ');\n(0, _actionBase.verifyElementIsDisable)('[data-testid=\"signup-btn\"]');",
              "err": {},
              "uuid": "7348f4cb-cc65-4316-acd0-95317d5de6fc",
              "parentUUID": "e0711506-2c16-4f10-a145-7a8f8af8cffa",
              "isHook": false,
              "skipped": false
            },
            {
              "title": "Será validado que não é possível fazer login com uma senha com menos de 6 caracteres",
              "fullTitle": "Crie uma página de registro de usuários Será validado que não é possível fazer login com uma senha com menos de 6 caracteres",
              "timedOut": null,
              "duration": 1323,
              "state": "passed",
              "speed": "slow",
              "pass": true,
              "fail": false,
              "pending": false,
              "context": null,
              "code": "(0, _actionBase.insertText)('[data-testid=\"signup-name\"]', 'brunobatista@@');\n(0, _actionBase.insertText)('[data-testid=\"signup-email\"]', 'email@gmail.com');\n(0, _actionBase.insertText)('[data-testid=\"signup-password\"]', '1234');\n(0, _actionBase.verifyElementIsDisable)('[data-testid=\"signup-btn\"]');",
              "err": {},
              "uuid": "06c0759d-a48a-4a36-971e-061cbef99674",
              "parentUUID": "e0711506-2c16-4f10-a145-7a8f8af8cffa",
              "isHook": false,
              "skipped": false
            },
            {
              "title": "Será validado que é possível fazer cadastro de um admin com sucesso e ser redirecionado para tela do admin",
              "fullTitle": "Crie uma página de registro de usuários Será validado que é possível fazer cadastro de um admin com sucesso e ser redirecionado para tela do admin",
              "timedOut": null,
              "duration": 2340,
              "state": "passed",
              "speed": "slow",
              "pass": true,
              "fail": false,
              "pending": false,
              "context": null,
              "code": "var randomEmail = _faker.internet.email();\n(0, _actionBase.insertText)('[data-testid=\"signup-name\"]', 'brunobatistasilva');\n(0, _actionBase.insertText)('[data-testid=\"signup-email\"]', randomEmail);\n(0, _actionBase.insertText)('[data-testid=\"signup-password\"]', '123456');\n(0, _actionBase.checkElement)('[data-testid=\"signup-seller\"]');\n(0, _actionBase.clickButton)('[data-testid=\"signup-btn\"]');\n(0, _actionBase.verifyContainsUrl)(\"\".concat(Cypress.config().baseUrl, \"/admin/orders\"));",
              "err": {},
              "uuid": "a7161442-d679-42be-af79-686cc92612bc",
              "parentUUID": "e0711506-2c16-4f10-a145-7a8f8af8cffa",
              "isHook": false,
              "skipped": false
            },
            {
              "title": "Será validado que é possível fazer cadastro de um cliente com sucesso e ser redirecionado para tela do cliente",
              "fullTitle": "Crie uma página de registro de usuários Será validado que é possível fazer cadastro de um cliente com sucesso e ser redirecionado para tela do cliente",
              "timedOut": null,
              "duration": 2267,
              "state": "passed",
              "speed": "slow",
              "pass": true,
              "fail": false,
              "pending": false,
              "context": null,
              "code": "var randomEmail = _faker.internet.email();\n(0, _actionBase.insertText)('[data-testid=\"signup-name\"]', 'brunobatistasilva');\n(0, _actionBase.insertText)('[data-testid=\"signup-email\"]', randomEmail);\n(0, _actionBase.insertText)('[data-testid=\"signup-password\"]', '123456');\n(0, _actionBase.clickButton)('[data-testid=\"signup-btn\"]');\n(0, _actionBase.verifyContainsUrl)(\"\".concat(Cypress.config().baseUrl, \"/products\"));",
              "err": {},
              "uuid": "66279c6a-25ca-4951-9277-9ffdeb2dd403",
              "parentUUID": "e0711506-2c16-4f10-a145-7a8f8af8cffa",
              "isHook": false,
              "skipped": false
            }
          ],
          "suites": [],
          "passes": [
            "87811914-a317-46ec-8d9d-9ab7ce1928ca",
            "77fae987-b475-4bf2-a972-7205d8bd5ddc",
            "6c4a8310-c6b1-4a02-bb11-a0113a43c268",
            "985538c7-277a-49f3-892c-82fa86487786",
            "828611be-27e6-45b8-9c58-ed9cab9d8b73",
            "b93018a6-178d-46c3-bfec-d37c9f929c01",
            "9cca9f66-960f-4854-833e-6731a543139c",
            "7348f4cb-cc65-4316-acd0-95317d5de6fc",
            "06c0759d-a48a-4a36-971e-061cbef99674",
            "a7161442-d679-42be-af79-686cc92612bc",
            "66279c6a-25ca-4951-9277-9ffdeb2dd403"
          ],
          "failures": [],
          "pending": [],
          "skipped": [],
          "duration": 15874,
          "root": false,
          "rootEmpty": false,
          "_timeout": 2000
        }
      ],
      "passes": [],
      "failures": [],
      "pending": [],
      "skipped": [],
      "duration": 0,
      "root": true,
      "rootEmpty": true,
      "_timeout": 2000
    }
  ],
  "meta": {
    "mocha": {
      "version": "7.0.1"
    },
    "mochawesome": {
      "options": {
        "quiet": false,
        "reportFilename": "mochawesome",
        "saveHtml": false,
        "saveJson": true,
        "consoleReporter": "spec",
        "useInlineDiffs": false
      },
      "version": "4.1.0"
    },
    "marge": {
      "options": {
        "id": "default",
        "reportDir": "cypress/reports",
        "overwrite": false,
        "html": false,
        "json": true
      },
      "version": "4.1.0"
    }
  }
}