{
  "stats": {
    "suites": 1,
    "tests": 9,
    "passes": 9,
    "pending": 0,
    "failures": 0,
    "start": "2021-03-26T14:03:11.295Z",
    "end": "2021-03-26T14:03:36.553Z",
    "duration": 25258,
    "testsRegistered": 9,
    "passPercent": 100,
    "pendingPercent": 0,
    "other": 0,
    "hasOther": false,
    "skipped": 0,
    "hasSkipped": false
  },
  "results": [
    {
      "uuid": "2eeb9f88-d561-434d-bd5a-bf2972542624",
      "title": "",
      "fullFile": "cypress/integration/checkout.spec.js",
      "file": "cypress/integration/checkout.spec.js",
      "beforeHooks": [],
      "afterHooks": [],
      "tests": [],
      "suites": [
        {
          "uuid": "30fda7d6-0ee1-4f19-adab-e52d0caba1e6",
          "title": "Criar tela de checkout",
          "fullFile": "",
          "file": "",
          "beforeHooks": [],
          "afterHooks": [],
          "tests": [
            {
              "title": "Será validado que é possível acessar a tela de checkout",
              "fullTitle": "Criar tela de checkout Será validado que é possível acessar a tela de checkout",
              "timedOut": null,
              "duration": 3755,
              "state": "passed",
              "speed": "slow",
              "pass": true,
              "fail": false,
              "pending": false,
              "context": null,
              "code": "(0, _actionBase.loginAndAddProductInCart)(Cypress.env('login'), Cypress.env('password'));\n(0, _actionBase.verifyContainsUrl)(\"\".concat(Cypress.config().baseUrl, \"/checkout\"));",
              "err": {},
              "uuid": "1ff5cec8-94cb-419c-8315-d1da6bf9b3ba",
              "parentUUID": "30fda7d6-0ee1-4f19-adab-e52d0caba1e6",
              "isHook": false,
              "skipped": false
            },
            {
              "title": "Será validado que contém atributos descritos no protótipo",
              "fullTitle": "Criar tela de checkout Será validado que contém atributos descritos no protótipo",
              "timedOut": null,
              "duration": 3002,
              "state": "passed",
              "speed": "slow",
              "pass": true,
              "fail": false,
              "pending": false,
              "context": null,
              "code": "(0, _actionBase.loginAndAddProductInCart)(Cypress.env('login'), Cypress.env('password'));\n(0, _actionBase.verifyElementVisible)('[data-testid=\"top-title\"]');\n(0, _actionBase.verifyElementVisible)('[data-testid=\"0-product-qtd-input\"]');\n(0, _actionBase.verifyElementVisible)('[data-testid=\"0-product-name\"]');\n(0, _actionBase.verifyElementVisible)('[data-testid=\"0-product-total-value\"]');\n(0, _actionBase.verifyElementVisible)('[data-testid=\"0-product-unit-price\"]');\n(0, _actionBase.verifyElementVisible)('[data-testid=\"0-removal-button\"]');\n(0, _actionBase.verifyElementVisible)('[data-testid=\"order-total-value\"]');\n(0, _actionBase.verifyElementVisible)('[data-testid=\"checkout-street-input\"]');\n(0, _actionBase.verifyElementVisible)('[data-testid=\"checkout-house-number-input\"]');\n(0, _actionBase.verifyElementVisible)('[data-testid=\"checkout-finish-btn\"]');",
              "err": {},
              "uuid": "c4c91e0b-25de-4a48-a147-14eabd0bc346",
              "parentUUID": "30fda7d6-0ee1-4f19-adab-e52d0caba1e6",
              "isHook": false,
              "skipped": false
            },
            {
              "title": "Será validado que é possível ver que o produto tem quantidade, nome e valor total do produto",
              "fullTitle": "Criar tela de checkout Será validado que é possível ver que o produto tem quantidade, nome e valor total do produto",
              "timedOut": null,
              "duration": 2747,
              "state": "passed",
              "speed": "slow",
              "pass": true,
              "fail": false,
              "pending": false,
              "context": null,
              "code": "(0, _actionBase.login)(Cypress.env('login'), Cypress.env('password'));\n(0, _actionBase.clickButton)('[data-testid=\"0-product-plus\"]');\n(0, _actionBase.clickButton)('[data-testid=\"0-product-plus\"]');\n(0, _actionBase.clickButton)('[data-testid=\"checkout-bottom-btn\"]');\n(0, _actionBase.verifyElementContainsText)('[data-testid=\"0-product-qtd-input\"]', '2');\n(0, _actionBase.verifyElementContainsText)('[data-testid=\"0-product-name\"]', 'Skol Lata 250ml');\n(0, _actionBase.verifyElementContainsText)('[data-testid=\"0-product-total-value\"]', 'R$ 4,40');\n(0, _actionBase.verifyElementContainsText)('[data-testid=\"0-product-unit-price\"]', '(R$ 2,20 un)');",
              "err": {},
              "uuid": "2b2b224b-7e8c-4341-a230-b5b01415827e",
              "parentUUID": "30fda7d6-0ee1-4f19-adab-e52d0caba1e6",
              "isHook": false,
              "skipped": false
            },
            {
              "title": "Será validado que é possível a lista mostrar o valor total do carrinho",
              "fullTitle": "Criar tela de checkout Será validado que é possível a lista mostrar o valor total do carrinho",
              "timedOut": null,
              "duration": 2698,
              "state": "passed",
              "speed": "slow",
              "pass": true,
              "fail": false,
              "pending": false,
              "context": null,
              "code": "(0, _actionBase.login)(Cypress.env('login'), Cypress.env('password'));\n(0, _actionBase.clickButton)('[data-testid=\"0-product-plus\"]');\n(0, _actionBase.clickButton)('[data-testid=\"0-product-plus\"]');\n(0, _actionBase.clickButton)('[data-testid=\"checkout-bottom-btn\"]');\n(0, _actionBase.verifyElementContainsText)('[data-testid=\"0-product-qtd-input\"]', '2');\n(0, _actionBase.verifyElementContainsText)('[data-testid=\"order-total-value\"]', 'R$ 4,40');",
              "err": {},
              "uuid": "141483be-9cdb-4dbe-b422-997b450ddce4",
              "parentUUID": "30fda7d6-0ee1-4f19-adab-e52d0caba1e6",
              "isHook": false,
              "skipped": false
            },
            {
              "title": "Será validado que é possível fazer refresh da tela e os dados continuarem na tela",
              "fullTitle": "Criar tela de checkout Será validado que é possível fazer refresh da tela e os dados continuarem na tela",
              "timedOut": null,
              "duration": 2996,
              "state": "passed",
              "speed": "slow",
              "pass": true,
              "fail": false,
              "pending": false,
              "context": null,
              "code": "(0, _actionBase.loginAndAddProductInCart)(Cypress.env('login'), Cypress.env('password'));\n(0, _actionBase.verifyElementContainsText)('[data-testid=\"0-product-qtd-input\"]', '1');\n(0, _actionBase.verifyElementContainsText)('[data-testid=\"0-product-name\"]', 'Skol Lata 250ml');\n(0, _actionBase.verifyElementContainsText)('[data-testid=\"0-product-total-value\"]', 'R$ 2,20');\n(0, _actionBase.verifyElementContainsText)('[data-testid=\"0-product-unit-price\"]', '(R$ 2,20 un)');\n(0, _actionBase.verifyElementContainsText)('[data-testid=\"order-total-value\"]', 'R$ 2,20');\ncy.reload();\n(0, _actionBase.verifyElementContainsText)('[data-testid=\"0-product-qtd-input\"]', '1');\n(0, _actionBase.verifyElementContainsText)('[data-testid=\"0-product-name\"]', 'Skol Lata 250ml');\n(0, _actionBase.verifyElementContainsText)('[data-testid=\"0-product-total-value\"]', 'R$ 2,20');\n(0, _actionBase.verifyElementContainsText)('[data-testid=\"0-product-unit-price\"]', '(R$ 2,20 un)');\n(0, _actionBase.verifyElementContainsText)('[data-testid=\"order-total-value\"]', 'R$ 2,20');",
              "err": {},
              "uuid": "ab6077f3-5280-4f93-8774-15e182c389df",
              "parentUUID": "30fda7d6-0ee1-4f19-adab-e52d0caba1e6",
              "isHook": false,
              "skipped": false
            },
            {
              "title": "Será validado que é possível excluir um produto no checkout",
              "fullTitle": "Criar tela de checkout Será validado que é possível excluir um produto no checkout",
              "timedOut": null,
              "duration": 2637,
              "state": "passed",
              "speed": "slow",
              "pass": true,
              "fail": false,
              "pending": false,
              "context": null,
              "code": "(0, _actionBase.loginAndAddProductInCart)(Cypress.env('login'), Cypress.env('password'));\n(0, _actionBase.verifyElementVisible)('[data-testid=\"0-removal-button\"]');\n(0, _actionBase.clickButton)('[data-testid=\"0-removal-button\"]');\n(0, _actionBase.verifyContainsText)('Não há produtos no carrinho');\n(0, _actionBase.verifyElementContainsText)('[data-testid=\"order-total-value\"]', 'R$ 0,00');",
              "err": {},
              "uuid": "2eda40d7-b207-41df-80bc-81f119c7caa7",
              "parentUUID": "30fda7d6-0ee1-4f19-adab-e52d0caba1e6",
              "isHook": false,
              "skipped": false
            },
            {
              "title": "Será validado que é possível o botão finalizar pedido ficar habilitado apenas quando tiver produto maior que zero e rua e numero preenchidos",
              "fullTitle": "Criar tela de checkout Será validado que é possível o botão finalizar pedido ficar habilitado apenas quando tiver produto maior que zero e rua e numero preenchidos",
              "timedOut": null,
              "duration": 3079,
              "state": "passed",
              "speed": "slow",
              "pass": true,
              "fail": false,
              "pending": false,
              "context": null,
              "code": "(0, _actionBase.loginAndAddProductInCart)(Cypress.env('login'), Cypress.env('password'));\n(0, _actionBase.verifyElementIsDisable)('[data-testid=\"checkout-finish-btn\"]');\n(0, _actionBase.insertText)('[data-testid=\"checkout-street-input\"]', 'Rua da pinga');\n(0, _actionBase.insertText)('[data-testid=\"checkout-house-number-input\"]', '2');\n(0, _actionBase.verifyElementNotContainsAttribute)('[data-testid=\"checkout-finish-btn\"]', 'disable');",
              "err": {},
              "uuid": "95bc7481-b155-47e7-ba3d-addb9059985d",
              "parentUUID": "30fda7d6-0ee1-4f19-adab-e52d0caba1e6",
              "isHook": false,
              "skipped": false
            },
            {
              "title": "Será validado que é possível fazer a compra de um produto e ao finalizar ver a mensagem de sucesso e  ser redirecionado para tela de produtos",
              "fullTitle": "Criar tela de checkout Será validado que é possível fazer a compra de um produto e ao finalizar ver a mensagem de sucesso e  ser redirecionado para tela de produtos",
              "timedOut": null,
              "duration": 3611,
              "state": "passed",
              "speed": "slow",
              "pass": true,
              "fail": false,
              "pending": false,
              "context": null,
              "code": "(0, _actionBase.loginAndAddProductInCart)(Cypress.env('login'), Cypress.env('password'));\n(0, _actionBase.insertText)('[data-testid=\"checkout-street-input\"]', 'Rua da pinga');\n(0, _actionBase.insertText)('[data-testid=\"checkout-house-number-input\"]', '2');\n(0, _actionBase.clickButton)('[data-testid=\"checkout-finish-btn\"]');\n(0, _actionBase.verifyContainsText)('Compra realizada com sucesso!');\n(0, _actionBase.verifyContainsUrl)(\"\".concat(Cypress.config().baseUrl, \"/products\"));",
              "err": {},
              "uuid": "ceb4b507-2e2e-42f9-ad34-ceb41ee319e1",
              "parentUUID": "30fda7d6-0ee1-4f19-adab-e52d0caba1e6",
              "isHook": false,
              "skipped": false
            },
            {
              "title": "Será validado que não é possível acessar o checkout sem estar logado e será redirecionado para tela de login",
              "fullTitle": "Criar tela de checkout Será validado que não é possível acessar o checkout sem estar logado e será redirecionado para tela de login",
              "timedOut": null,
              "duration": 260,
              "state": "passed",
              "speed": "slow",
              "pass": true,
              "fail": false,
              "pending": false,
              "context": null,
              "code": "cy.visit(\"\".concat(Cypress.config().baseUrl, \"/checkout\"));\n(0, _actionBase.verifyContainsUrl)(\"\".concat(Cypress.config().baseUrl, \"/login\"));",
              "err": {},
              "uuid": "e45104ac-f034-409e-a5e7-9eb2b5c0ace8",
              "parentUUID": "30fda7d6-0ee1-4f19-adab-e52d0caba1e6",
              "isHook": false,
              "skipped": false
            }
          ],
          "suites": [],
          "passes": [
            "1ff5cec8-94cb-419c-8315-d1da6bf9b3ba",
            "c4c91e0b-25de-4a48-a147-14eabd0bc346",
            "2b2b224b-7e8c-4341-a230-b5b01415827e",
            "141483be-9cdb-4dbe-b422-997b450ddce4",
            "ab6077f3-5280-4f93-8774-15e182c389df",
            "2eda40d7-b207-41df-80bc-81f119c7caa7",
            "95bc7481-b155-47e7-ba3d-addb9059985d",
            "ceb4b507-2e2e-42f9-ad34-ceb41ee319e1",
            "e45104ac-f034-409e-a5e7-9eb2b5c0ace8"
          ],
          "failures": [],
          "pending": [],
          "skipped": [],
          "duration": 24785,
          "root": false,
          "rootEmpty": false,
          "_timeout": 2000
        }
      ],
      "passes": [],
      "failures": [],
      "pending": [],
      "skipped": [],
      "duration": 0,
      "root": true,
      "rootEmpty": true,
      "_timeout": 2000
    }
  ],
  "meta": {
    "mocha": {
      "version": "7.0.1"
    },
    "mochawesome": {
      "options": {
        "quiet": false,
        "reportFilename": "mochawesome",
        "saveHtml": false,
        "saveJson": true,
        "consoleReporter": "spec",
        "useInlineDiffs": false
      },
      "version": "4.1.0"
    },
    "marge": {
      "options": {
        "id": "default",
        "reportDir": "cypress/reports",
        "overwrite": false,
        "html": false,
        "json": true
      },
      "version": "4.1.0"
    }
  }
}