{
  "stats": {
    "suites": 1,
    "tests": 2,
    "passes": 0,
    "pending": 0,
    "failures": 2,
    "start": "2021-03-26T14:08:50.871Z",
    "end": "2021-03-26T14:10:04.807Z",
    "duration": 73936,
    "testsRegistered": 2,
    "passPercent": 0,
    "pendingPercent": 0,
    "other": 0,
    "hasOther": false,
    "skipped": 0,
    "hasSkipped": false
  },
  "results": [
    {
      "uuid": "d2912a56-95fe-43e8-a6ac-22729e65039f",
      "title": "",
      "fullFile": "cypress/integration/testCoverage.spec.js",
      "file": "cypress/integration/testCoverage.spec.js",
      "beforeHooks": [],
      "afterHooks": [],
      "tests": [],
      "suites": [
        {
          "uuid": "c369c612-121a-46b7-a886-7a89fe780091",
          "title": "A cobertura de testes unitários deve ser de no mínimo 90%",
          "fullFile": "",
          "file": "",
          "beforeHooks": [],
          "afterHooks": [],
          "tests": [
            {
              "title": "Será validado a cobertura de testes unitários do front-end",
              "fullTitle": "A cobertura de testes unitários deve ser de no mínimo 90% Será validado a cobertura de testes unitários do front-end",
              "timedOut": null,
              "duration": 13766,
              "state": "failed",
              "speed": null,
              "pass": false,
              "fail": true,
              "pending": false,
              "context": null,
              "code": "cy.exec('npm --prefix front-end/ run test-coverage -- --coverageReporters=\"json-summary\" --testFailureExitCode=0');\ncy.readFile('front-end/coverage/coverage-summary.json').its('total.lines.pct').should('be.gte', 90.00);",
              "err": {
                "message": "AssertionError: Timed out retrying: expected 6.28 to be at least 90",
                "estack": "AssertionError: Timed out retrying: expected 6.28 to be at least 90\n    at Context.eval (http://localhost:3000/__cypress/tests?p=cypress/integration/testCoverage.spec.js:102:84)",
                "diff": "- 6.28\n+ 90\n"
              },
              "uuid": "7f9ecdc8-bd15-4864-b3d4-a0edf8457c61",
              "parentUUID": "c369c612-121a-46b7-a886-7a89fe780091",
              "isHook": false,
              "skipped": false
            },
            {
              "title": "Será validado a cobertura de testes unitários do back-end",
              "fullTitle": "A cobertura de testes unitários deve ser de no mínimo 90% Será validado a cobertura de testes unitários do back-end",
              "timedOut": null,
              "duration": 60059,
              "state": "failed",
              "speed": null,
              "pass": false,
              "fail": true,
              "pending": false,
              "context": null,
              "code": "cy.exec('npm --prefix back-end/ run test-coverage -- --coverageReporters=\"json-summary\" --testFailureExitCode=0 ');\ncy.readFile('back-end/coverage/coverage-summary.json').its('total.lines.pct').should('be.gte', 90.00);",
              "err": {
                "message": "CypressError: `cy.exec('npm --prefix back-end/ run test-coverage -- --coverageReporters=\"json-summary\" --testFailureExitCode=0 ')` timed out after waiting `60000ms`.\n\nhttps://on.cypress.io/exec",
                "estack": "CypressError: `cy.exec('npm --prefix back-end/ run test-coverage -- --coverageReporters=\"json-summary\" --testFailureExitCode=0 ')` timed out after waiting `60000ms`.\n\nhttps://on.cypress.io/exec\n    at http://localhost:3000/__cypress/runner/cypress_runner.js:156233:26\n    at tryCatcher (http://localhost:3000/__cypress/runner/cypress_runner.js:10325:23)\n    at http://localhost:3000/__cypress/runner/cypress_runner.js:5447:41\n    at tryCatcher (http://localhost:3000/__cypress/runner/cypress_runner.js:10325:23)\n    at Promise._settlePromiseFromHandler (http://localhost:3000/__cypress/runner/cypress_runner.js:8260:31)\n    at Promise._settlePromise (http://localhost:3000/__cypress/runner/cypress_runner.js:8317:18)\n    at Promise._settlePromise0 (http://localhost:3000/__cypress/runner/cypress_runner.js:8362:10)\n    at Promise._settlePromises (http://localhost:3000/__cypress/runner/cypress_runner.js:8438:18)\n    at _drainQueueStep (http://localhost:3000/__cypress/runner/cypress_runner.js:5032:12)\n    at _drainQueue (http://localhost:3000/__cypress/runner/cypress_runner.js:5025:9)\n    at Async.../../node_modules/bluebird/js/release/async.js.Async._drainQueues (http://localhost:3000/__cypress/runner/cypress_runner.js:5041:5)\n    at Async.drainQueues (http://localhost:3000/__cypress/runner/cypress_runner.js:4911:14)\nFrom Your Spec Code:\n    at Context.eval (http://localhost:3000/__cypress/tests?p=cypress/integration/testCoverage.spec.js:105:8)",
                "diff": null
              },
              "uuid": "7b8fa3af-aebe-41f5-8ab4-e0d3a7b56763",
              "parentUUID": "c369c612-121a-46b7-a886-7a89fe780091",
              "isHook": false,
              "skipped": false
            }
          ],
          "suites": [],
          "passes": [],
          "failures": [
            "7f9ecdc8-bd15-4864-b3d4-a0edf8457c61",
            "7b8fa3af-aebe-41f5-8ab4-e0d3a7b56763"
          ],
          "pending": [],
          "skipped": [],
          "duration": 73825,
          "root": false,
          "rootEmpty": false,
          "_timeout": 2000
        }
      ],
      "passes": [],
      "failures": [],
      "pending": [],
      "skipped": [],
      "duration": 0,
      "root": true,
      "rootEmpty": true,
      "_timeout": 2000
    }
  ],
  "meta": {
    "mocha": {
      "version": "7.0.1"
    },
    "mochawesome": {
      "options": {
        "quiet": false,
        "reportFilename": "mochawesome",
        "saveHtml": false,
        "saveJson": true,
        "consoleReporter": "spec",
        "useInlineDiffs": false
      },
      "version": "4.1.0"
    },
    "marge": {
      "options": {
        "id": "default",
        "reportDir": "cypress/reports",
        "overwrite": false,
        "html": false,
        "json": true
      },
      "version": "4.1.0"
    }
  }
}