{
  "stats": {
    "suites": 1,
    "tests": 8,
    "passes": 8,
    "pending": 0,
    "failures": 0,
    "start": "2021-03-26T19:12:58.817Z",
    "end": "2021-03-26T19:13:54.824Z",
    "duration": 56007,
    "testsRegistered": 8,
    "passPercent": 100,
    "pendingPercent": 0,
    "other": 0,
    "hasOther": false,
    "skipped": 0,
    "hasSkipped": false
  },
  "results": [
    {
      "uuid": "9b425ee3-ffd1-4dff-8636-8ae25e6adc37",
      "title": "",
      "fullFile": "cypress/integration/login.spec.js",
      "file": "cypress/integration/login.spec.js",
      "beforeHooks": [],
      "afterHooks": [],
      "tests": [],
      "suites": [
        {
          "uuid": "411a00a9-e6de-400a-98da-4360d428f1a8",
          "title": "Crie uma página de login",
          "fullFile": "",
          "file": "",
          "beforeHooks": [],
          "afterHooks": [],
          "tests": [
            {
              "title": "Será validado que é possível acessar a home",
              "fullTitle": "Crie uma página de login Será validado que é possível acessar a home",
              "timedOut": null,
              "duration": 11835,
              "state": "passed",
              "speed": "slow",
              "pass": true,
              "fail": false,
              "pending": false,
              "context": null,
              "code": "(0, _actionBase.verifyContainsUrl)(\"\".concat(Cypress.config().baseUrl, \"/login\"));",
              "err": {},
              "uuid": "45915e0f-d221-48d0-8923-91060d08b0f1",
              "parentUUID": "411a00a9-e6de-400a-98da-4360d428f1a8",
              "isHook": false,
              "skipped": false
            },
            {
              "title": "Será validado que a tela login contém os atributos descritos no protótipo",
              "fullTitle": "Crie uma página de login Será validado que a tela login contém os atributos descritos no protótipo",
              "timedOut": null,
              "duration": 5688,
              "state": "passed",
              "speed": "slow",
              "pass": true,
              "fail": false,
              "pending": false,
              "context": null,
              "code": "(0, _actionBase.verifyContainsText)('Email');\n(0, _actionBase.verifyElementVisible)('[data-testid=\"email-input\"]');\n(0, _actionBase.verifyContainsText)('Senha');\n(0, _actionBase.verifyElementVisible)('[data-testid=\"password-input\"]');\n(0, _actionBase.verifyContainsText)('Entrar');\n(0, _actionBase.verifyElementVisible)('[data-testid=\"signin-btn\"]');\n(0, _actionBase.verifyContainsText)('Ainda não tenho conta');\n(0, _actionBase.verifyElementVisible)('[data-testid=\"no-account-btn\"]');",
              "err": {},
              "uuid": "7e7f9b2a-68f5-4a56-ada4-35f81558bf65",
              "parentUUID": "411a00a9-e6de-400a-98da-4360d428f1a8",
              "isHook": false,
              "skipped": false
            },
            {
              "title": "Será validado que não é possível fazer login com um email inválido",
              "fullTitle": "Crie uma página de login Será validado que não é possível fazer login com um email inválido",
              "timedOut": null,
              "duration": 5362,
              "state": "passed",
              "speed": "slow",
              "pass": true,
              "fail": false,
              "pending": false,
              "context": null,
              "code": "(0, _actionBase.insertText)('[data-testid=\"email-input\"]', 'email@');\n(0, _actionBase.insertText)('[data-testid=\"password-input\"]', '12345678');\n(0, _actionBase.verifyElementIsDisable)('[data-testid=\"signin-btn\"]');",
              "err": {},
              "uuid": "281a2a8c-3ba4-4795-8122-4e36d2a17f44",
              "parentUUID": "411a00a9-e6de-400a-98da-4360d428f1a8",
              "isHook": false,
              "skipped": false
            },
            {
              "title": "Será validado que não é possível fazer login com uma senha em branco",
              "fullTitle": "Crie uma página de login Será validado que não é possível fazer login com uma senha em branco",
              "timedOut": null,
              "duration": 5546,
              "state": "passed",
              "speed": "slow",
              "pass": true,
              "fail": false,
              "pending": false,
              "context": null,
              "code": "(0, _actionBase.insertText)('[data-testid=\"email-input\"]', 'bruno.batista@gmail.com');\n(0, _actionBase.insertText)('[data-testid=\"password-input\"]', ' ');\n(0, _actionBase.verifyElementIsDisable)('[data-testid=\"signin-btn\"]');",
              "err": {},
              "uuid": "28da35d1-ef4c-448c-8f92-41b53e5eb3e4",
              "parentUUID": "411a00a9-e6de-400a-98da-4360d428f1a8",
              "isHook": false,
              "skipped": false
            },
            {
              "title": "Será validado que não é possível fazer login com uma senha com menos de 6 caracteres",
              "fullTitle": "Crie uma página de login Será validado que não é possível fazer login com uma senha com menos de 6 caracteres",
              "timedOut": null,
              "duration": 6016,
              "state": "passed",
              "speed": "slow",
              "pass": true,
              "fail": false,
              "pending": false,
              "context": null,
              "code": "(0, _actionBase.insertText)('[data-testid=\"email-input\"]', 'bruno.batista@gmail.com');\n(0, _actionBase.insertText)('[data-testid=\"password-input\"]', '1234');\n(0, _actionBase.verifyElementIsDisable)('[data-testid=\"signin-btn\"]');",
              "err": {},
              "uuid": "1f22bb31-1580-4098-bd28-06f20eba9c35",
              "parentUUID": "411a00a9-e6de-400a-98da-4360d428f1a8",
              "isHook": false,
              "skipped": false
            },
            {
              "title": "Será validado que é possível fazer login com um cliente e ser redirecionado para tela de cliente",
              "fullTitle": "Crie uma página de login Será validado que é possível fazer login com um cliente e ser redirecionado para tela de cliente",
              "timedOut": null,
              "duration": 6744,
              "state": "passed",
              "speed": "slow",
              "pass": true,
              "fail": false,
              "pending": false,
              "context": null,
              "code": "(0, _actionBase.login)('bruno.batista@gmail.com', '12345678');\n(0, _actionBase.verifyContainsUrl)(\"\".concat(Cypress.config().baseUrl, \"/products\"));",
              "err": {},
              "uuid": "84655235-80cf-421b-8985-a48d46a0c98a",
              "parentUUID": "411a00a9-e6de-400a-98da-4360d428f1a8",
              "isHook": false,
              "skipped": false
            },
            {
              "title": "Será validado que é possível fazer login com um admin e ser redirecionado para tela de admin",
              "fullTitle": "Crie uma página de login Será validado que é possível fazer login com um admin e ser redirecionado para tela de admin",
              "timedOut": null,
              "duration": 6560,
              "state": "passed",
              "speed": "slow",
              "pass": true,
              "fail": false,
              "pending": false,
              "context": null,
              "code": "(0, _actionBase.login)('tryber@trybe.com.br', '123456');\n(0, _actionBase.verifyContainsUrl)(\"\".concat(Cypress.config().baseUrl, \"/admin/orders\"));",
              "err": {},
              "uuid": "5ccaac76-2bd4-4dde-9cad-7b79d5e346a8",
              "parentUUID": "411a00a9-e6de-400a-98da-4360d428f1a8",
              "isHook": false,
              "skipped": false
            },
            {
              "title": "Será validado que é possível clicar no botão \"Ainda não tenho conta\" e ser redirecionado para tela de registro",
              "fullTitle": "Crie uma página de login Será validado que é possível clicar no botão \"Ainda não tenho conta\" e ser redirecionado para tela de registro",
              "timedOut": null,
              "duration": 5256,
              "state": "passed",
              "speed": "slow",
              "pass": true,
              "fail": false,
              "pending": false,
              "context": null,
              "code": "(0, _actionBase.clickButton)('[data-testid=\"no-account-btn\"]');\n(0, _actionBase.verifyContainsUrl)(\"\".concat(Cypress.config().baseUrl, \"/register\"));",
              "err": {},
              "uuid": "fe345938-4560-433d-8b06-89608368c372",
              "parentUUID": "411a00a9-e6de-400a-98da-4360d428f1a8",
              "isHook": false,
              "skipped": false
            }
          ],
          "suites": [],
          "passes": [
            "45915e0f-d221-48d0-8923-91060d08b0f1",
            "7e7f9b2a-68f5-4a56-ada4-35f81558bf65",
            "281a2a8c-3ba4-4795-8122-4e36d2a17f44",
            "28da35d1-ef4c-448c-8f92-41b53e5eb3e4",
            "1f22bb31-1580-4098-bd28-06f20eba9c35",
            "84655235-80cf-421b-8985-a48d46a0c98a",
            "5ccaac76-2bd4-4dde-9cad-7b79d5e346a8",
            "fe345938-4560-433d-8b06-89608368c372"
          ],
          "failures": [],
          "pending": [],
          "skipped": [],
          "duration": 53007,
          "root": false,
          "rootEmpty": false,
          "_timeout": 2000
        }
      ],
      "passes": [],
      "failures": [],
      "pending": [],
      "skipped": [],
      "duration": 0,
      "root": true,
      "rootEmpty": true,
      "_timeout": 2000
    }
  ],
  "meta": {
    "mocha": {
      "version": "7.0.1"
    },
    "mochawesome": {
      "options": {
        "quiet": false,
        "reportFilename": "mochawesome",
        "saveHtml": false,
        "saveJson": true,
        "consoleReporter": "spec",
        "useInlineDiffs": false
      },
      "version": "4.1.0"
    },
    "marge": {
      "options": {
        "id": "default",
        "reportDir": "cypress/reports",
        "overwrite": false,
        "html": false,
        "json": true
      },
      "version": "4.1.0"
    }
  }
}