{
  "stats": {
    "suites": 1,
    "tests": 4,
    "passes": 4,
    "pending": 0,
    "failures": 0,
    "start": "2021-03-26T14:08:03.058Z",
    "end": "2021-03-26T14:08:10.568Z",
    "duration": 7510,
    "testsRegistered": 4,
    "passPercent": 100,
    "pendingPercent": 0,
    "other": 0,
    "hasOther": false,
    "skipped": 0,
    "hasSkipped": false
  },
  "results": [
    {
      "uuid": "1336cc14-f8fd-452d-9911-e3e01ce8d0d4",
      "title": "",
      "fullFile": "cypress/integration/profileAdmin.spec.js",
      "file": "cypress/integration/profileAdmin.spec.js",
      "beforeHooks": [],
      "afterHooks": [],
      "tests": [],
      "suites": [
        {
          "uuid": "9203c786-bbc8-4648-91a2-e2f7428f1cbb",
          "title": "Criar tela de perfil de administrador",
          "fullFile": "",
          "file": "",
          "beforeHooks": [],
          "afterHooks": [],
          "tests": [
            {
              "title": "Será validado que é possível acessar a tela do perfil do administrador",
              "fullTitle": "Criar tela de perfil de administrador Será validado que é possível acessar a tela do perfil do administrador",
              "timedOut": null,
              "duration": 2767,
              "state": "passed",
              "speed": "slow",
              "pass": true,
              "fail": false,
              "pending": false,
              "context": null,
              "code": "(0, _actionBase.login)(Cypress.env('loginAdmin'), Cypress.env('passwordAdmin'));\n(0, _actionBase.clickButton)('[data-testid=\"side-menu-item-profile\"]');\n(0, _actionBase.verifyContainsUrl)(\"\".concat(Cypress.config().baseUrl, \"/admin/profile\"));",
              "err": {},
              "uuid": "df8307e9-ea1b-42a5-9547-fd724b172020",
              "parentUUID": "9203c786-bbc8-4648-91a2-e2f7428f1cbb",
              "isHook": false,
              "skipped": false
            },
            {
              "title": "Será validado que a tela de perfil contém os atributos descritos no protótipo",
              "fullTitle": "Criar tela de perfil de administrador Será validado que a tela de perfil contém os atributos descritos no protótipo",
              "timedOut": null,
              "duration": 2156,
              "state": "passed",
              "speed": "slow",
              "pass": true,
              "fail": false,
              "pending": false,
              "context": null,
              "code": "(0, _actionBase.login)(Cypress.env('loginAdmin'), Cypress.env('passwordAdmin'));\n(0, _actionBase.clickButton)('[data-testid=\"side-menu-item-profile\"]');\n(0, _actionBase.verifyContainsText)('Perfil');\n(0, _actionBase.verifyElementVisible)('[data-testid=\"profile-email\"]');\n(0, _actionBase.verifyElementVisible)('[data-testid=\"profile-name\"]');",
              "err": {},
              "uuid": "276e5bd7-abdb-4b79-8aa4-4e67d5353333",
              "parentUUID": "9203c786-bbc8-4648-91a2-e2f7428f1cbb",
              "isHook": false,
              "skipped": false
            },
            {
              "title": "Será validado que a tela de perfil contém o email e nome do administrador",
              "fullTitle": "Criar tela de perfil de administrador Será validado que a tela de perfil contém o email e nome do administrador",
              "timedOut": null,
              "duration": 2128,
              "state": "passed",
              "speed": "slow",
              "pass": true,
              "fail": false,
              "pending": false,
              "context": null,
              "code": "(0, _actionBase.login)(Cypress.env('loginAdmin'), Cypress.env('passwordAdmin'));\n(0, _actionBase.clickButton)('[data-testid=\"side-menu-item-profile\"]');\n(0, _actionBase.verifyContainsText)('Perfil');\n(0, _actionBase.verifyElementContainsText)('[data-testid=\"profile-email\"]', 'tryber@trybe.com.br');\n(0, _actionBase.verifyElementContainsText)('[data-testid=\"profile-name\"]', 'Tryber Admin');",
              "err": {},
              "uuid": "27a07f1f-f0ef-4401-84f5-1fdc3d36500e",
              "parentUUID": "9203c786-bbc8-4648-91a2-e2f7428f1cbb",
              "isHook": false,
              "skipped": false
            },
            {
              "title": "Será validado que não é possível acessar a tela sem estar autenticado e ser redirecionado para tela de login",
              "fullTitle": "Criar tela de perfil de administrador Será validado que não é possível acessar a tela sem estar autenticado e ser redirecionado para tela de login",
              "timedOut": null,
              "duration": 236,
              "state": "passed",
              "speed": "slow",
              "pass": true,
              "fail": false,
              "pending": false,
              "context": null,
              "code": "cy.visit(\"\".concat(Cypress.config().baseUrl, \"/admin/profile\"));\n(0, _actionBase.verifyContainsUrl)(\"\".concat(Cypress.config().baseUrl, \"/login\"));",
              "err": {},
              "uuid": "9a3d0cb4-8711-4fe5-b767-a0f51420e49b",
              "parentUUID": "9203c786-bbc8-4648-91a2-e2f7428f1cbb",
              "isHook": false,
              "skipped": false
            }
          ],
          "suites": [],
          "passes": [
            "df8307e9-ea1b-42a5-9547-fd724b172020",
            "276e5bd7-abdb-4b79-8aa4-4e67d5353333",
            "27a07f1f-f0ef-4401-84f5-1fdc3d36500e",
            "9a3d0cb4-8711-4fe5-b767-a0f51420e49b"
          ],
          "failures": [],
          "pending": [],
          "skipped": [],
          "duration": 7287,
          "root": false,
          "rootEmpty": false,
          "_timeout": 2000
        }
      ],
      "passes": [],
      "failures": [],
      "pending": [],
      "skipped": [],
      "duration": 0,
      "root": true,
      "rootEmpty": true,
      "_timeout": 2000
    }
  ],
  "meta": {
    "mocha": {
      "version": "7.0.1"
    },
    "mochawesome": {
      "options": {
        "quiet": false,
        "reportFilename": "mochawesome",
        "saveHtml": false,
        "saveJson": true,
        "consoleReporter": "spec",
        "useInlineDiffs": false
      },
      "version": "4.1.0"
    },
    "marge": {
      "options": {
        "id": "default",
        "reportDir": "cypress/reports",
        "overwrite": false,
        "html": false,
        "json": true
      },
      "version": "4.1.0"
    }
  }
}