{
  "stats": {
    "suites": 1,
    "tests": 7,
    "passes": 2,
    "pending": 0,
    "failures": 5,
    "start": "2021-03-26T14:05:39.536Z",
    "end": "2021-03-26T14:07:08.650Z",
    "duration": 89114,
    "testsRegistered": 7,
    "passPercent": 28.57142857142857,
    "pendingPercent": 0,
    "other": 0,
    "hasOther": false,
    "skipped": 0,
    "hasSkipped": false
  },
  "results": [
    {
      "uuid": "793ea6c8-d281-48b3-ae3c-69daa1fa1cd0",
      "title": "",
      "fullFile": "cypress/integration/productDetailsAdmin.spec.js",
      "file": "cypress/integration/productDetailsAdmin.spec.js",
      "beforeHooks": [],
      "afterHooks": [],
      "tests": [],
      "suites": [
        {
          "uuid": "aba045db-54ab-4696-bd9f-141f113ed764",
          "title": "Criar tela de detalhes pedidos do admininstrador",
          "fullFile": "",
          "file": "",
          "beforeHooks": [],
          "afterHooks": [],
          "tests": [
            {
              "title": "Será validado que é possível acessar a tela do detalhe do pedido do administrador",
              "fullTitle": "Criar tela de detalhes pedidos do admininstrador Será validado que é possível acessar a tela do detalhe do pedido do administrador",
              "timedOut": null,
              "duration": 15137,
              "state": "failed",
              "speed": null,
              "pass": false,
              "fail": true,
              "pending": false,
              "context": null,
              "code": "(0, _actionBase.login)(Cypress.env('loginAdmin'), Cypress.env('passwordAdmin'));\n(0, _actionBase.accessOrdersAdmin)();\n(0, _actionBase.clickButton)('[data-testid=\"0-order-number\"]');\n(0, _actionBase.verifyContainsUrl)(\"\".concat(Cypress.config().baseUrl, \"/admin/orders/1\"));",
              "err": {
                "message": "CypressError: Timed out retrying: `cy.click()` failed because this element is `disabled`:\n\n`<button data-testid=\"signin-btn\" class=\"rounded-md w-full p-2 bg-gray-300\n          focus:outline-none\" type=\"submit\" disabled=\"\">...</button>`\n\nFix this problem, or use `{force: true}` to disable error checking.\n\nhttps://on.cypress.io/element-cannot-be-interacted-with",
                "estack": "CypressError: Timed out retrying: `cy.click()` failed because this element is `disabled`:\n\n`<button data-testid=\"signin-btn\" class=\"rounded-md w-full p-2 bg-gray-300\n          focus:outline-none\" type=\"submit\" disabled=\"\">...</button>`\n\nFix this problem, or use `{force: true}` to disable error checking.\n\nhttps://on.cypress.io/element-cannot-be-interacted-with\n    at $Cy.ensureNotDisabled (http://localhost:3000/__cypress/runner/cypress_runner.js:161122:24)\n    at runAllChecks (http://localhost:3000/__cypress/runner/cypress_runner.js:150107:14)\n    at retryActionability (http://localhost:3000/__cypress/runner/cypress_runner.js:150163:16)\n    at tryCatcher (http://localhost:3000/__cypress/runner/cypress_runner.js:10325:23)\n    at Function.Promise.attempt.Promise.try (http://localhost:3000/__cypress/runner/cypress_runner.js:7599:29)\n    at tryFn (http://localhost:3000/__cypress/runner/cypress_runner.js:165556:21)\n    at whenStable (http://localhost:3000/__cypress/runner/cypress_runner.js:165594:12)\n    at http://localhost:3000/__cypress/runner/cypress_runner.js:165089:16\n    at tryCatcher (http://localhost:3000/__cypress/runner/cypress_runner.js:10325:23)\n    at Promise._settlePromiseFromHandler (http://localhost:3000/__cypress/runner/cypress_runner.js:8260:31)\n    at Promise._settlePromise (http://localhost:3000/__cypress/runner/cypress_runner.js:8317:18)\n    at Promise._settlePromise0 (http://localhost:3000/__cypress/runner/cypress_runner.js:8362:10)\n    at Promise._settlePromises (http://localhost:3000/__cypress/runner/cypress_runner.js:8442:18)\n    at Promise._fulfill (http://localhost:3000/__cypress/runner/cypress_runner.js:8386:18)\n    at http://localhost:3000/__cypress/runner/cypress_runner.js:10000:46\nFrom Your Spec Code:\n    at clickButton (http://localhost:3000/__cypress/tests?p=cypress/integration/productDetailsAdmin.spec.js:167:19)\n    at login (http://localhost:3000/__cypress/tests?p=cypress/integration/productDetailsAdmin.spec.js:201:3)\n    at Context.eval (http://localhost:3000/__cypress/tests?p=cypress/integration/productDetailsAdmin.spec.js:347:27)",
                "diff": null
              },
              "uuid": "0f65d9e8-7e92-4b9a-977f-cfd148b371bf",
              "parentUUID": "aba045db-54ab-4696-bd9f-141f113ed764",
              "isHook": false,
              "skipped": false
            },
            {
              "title": "Será validado que contém os atributos descritos no protótipo",
              "fullTitle": "Criar tela de detalhes pedidos do admininstrador Será validado que contém os atributos descritos no protótipo",
              "timedOut": null,
              "duration": 15084,
              "state": "failed",
              "speed": null,
              "pass": false,
              "fail": true,
              "pending": false,
              "context": null,
              "code": "(0, _actionBase.login)(Cypress.env('loginAdmin'), Cypress.env('passwordAdmin'));\n(0, _actionBase.accessOrdersAdmin)();\n(0, _actionBase.clickButton)('[data-testid=\"0-order-number\"]');\n(0, _actionBase.verifyElementVisible)('[data-testid=\"order-number\"]');\n(0, _actionBase.verifyElementVisible)('[data-testid=\"order-status\"]');\n(0, _actionBase.verifyElementVisible)('[data-testid=\"0-product-name\"]');\n(0, _actionBase.verifyElementVisible)('[data-testid=\"0-product-qtd\"]');\n(0, _actionBase.verifyElementVisible)('[data-testid=\"0-product-total-value\"]');\n(0, _actionBase.verifyElementVisible)('[data-testid=\"0-order-unit-price\"]');\n(0, _actionBase.verifyElementVisible)('[data-testid=\"order-total-value\"]');",
              "err": {
                "message": "CypressError: Timed out retrying: `cy.click()` failed because this element is `disabled`:\n\n`<button data-testid=\"signin-btn\" class=\"rounded-md w-full p-2 bg-gray-300\n          focus:outline-none\" type=\"submit\" disabled=\"\">...</button>`\n\nFix this problem, or use `{force: true}` to disable error checking.\n\nhttps://on.cypress.io/element-cannot-be-interacted-with",
                "estack": "CypressError: Timed out retrying: `cy.click()` failed because this element is `disabled`:\n\n`<button data-testid=\"signin-btn\" class=\"rounded-md w-full p-2 bg-gray-300\n          focus:outline-none\" type=\"submit\" disabled=\"\">...</button>`\n\nFix this problem, or use `{force: true}` to disable error checking.\n\nhttps://on.cypress.io/element-cannot-be-interacted-with\n    at $Cy.ensureNotDisabled (http://localhost:3000/__cypress/runner/cypress_runner.js:161122:24)\n    at runAllChecks (http://localhost:3000/__cypress/runner/cypress_runner.js:150107:14)\n    at retryActionability (http://localhost:3000/__cypress/runner/cypress_runner.js:150163:16)\n    at tryCatcher (http://localhost:3000/__cypress/runner/cypress_runner.js:10325:23)\n    at Function.Promise.attempt.Promise.try (http://localhost:3000/__cypress/runner/cypress_runner.js:7599:29)\n    at tryFn (http://localhost:3000/__cypress/runner/cypress_runner.js:165556:21)\n    at whenStable (http://localhost:3000/__cypress/runner/cypress_runner.js:165594:12)\n    at http://localhost:3000/__cypress/runner/cypress_runner.js:165089:16\n    at tryCatcher (http://localhost:3000/__cypress/runner/cypress_runner.js:10325:23)\n    at Promise._settlePromiseFromHandler (http://localhost:3000/__cypress/runner/cypress_runner.js:8260:31)\n    at Promise._settlePromise (http://localhost:3000/__cypress/runner/cypress_runner.js:8317:18)\n    at Promise._settlePromise0 (http://localhost:3000/__cypress/runner/cypress_runner.js:8362:10)\n    at Promise._settlePromises (http://localhost:3000/__cypress/runner/cypress_runner.js:8442:18)\n    at Promise._fulfill (http://localhost:3000/__cypress/runner/cypress_runner.js:8386:18)\n    at http://localhost:3000/__cypress/runner/cypress_runner.js:10000:46\nFrom Your Spec Code:\n    at clickButton (http://localhost:3000/__cypress/tests?p=cypress/integration/productDetailsAdmin.spec.js:167:19)\n    at login (http://localhost:3000/__cypress/tests?p=cypress/integration/productDetailsAdmin.spec.js:201:3)\n    at Context.eval (http://localhost:3000/__cypress/tests?p=cypress/integration/productDetailsAdmin.spec.js:353:27)",
                "diff": null
              },
              "uuid": "67c1ec2f-ab5b-4821-a603-401c5bee1e4e",
              "parentUUID": "aba045db-54ab-4696-bd9f-141f113ed764",
              "isHook": false,
              "skipped": false
            },
            {
              "title": "Será validado que o pedido contém nome e status do pedido",
              "fullTitle": "Criar tela de detalhes pedidos do admininstrador Será validado que o pedido contém nome e status do pedido",
              "timedOut": null,
              "duration": 15242,
              "state": "failed",
              "speed": null,
              "pass": false,
              "fail": true,
              "pending": false,
              "context": null,
              "code": "(0, _actionBase.login)(Cypress.env('loginAdmin'), Cypress.env('passwordAdmin'));\n(0, _actionBase.accessOrdersAdmin)();\n(0, _actionBase.clickButton)('[data-testid=\"0-order-number\"]');\n(0, _actionBase.verifyElementContainsText)('[data-testid=\"order-number\"]', 'Pedido 1');\n(0, _actionBase.verifyElementContainsText)('[data-testid=\"order-status\"]', 'Pendente');",
              "err": {
                "message": "CypressError: Timed out retrying: `cy.click()` failed because this element is `disabled`:\n\n`<button data-testid=\"signin-btn\" class=\"rounded-md w-full p-2 bg-gray-300\n          focus:outline-none\" type=\"submit\" disabled=\"\">...</button>`\n\nFix this problem, or use `{force: true}` to disable error checking.\n\nhttps://on.cypress.io/element-cannot-be-interacted-with",
                "estack": "CypressError: Timed out retrying: `cy.click()` failed because this element is `disabled`:\n\n`<button data-testid=\"signin-btn\" class=\"rounded-md w-full p-2 bg-gray-300\n          focus:outline-none\" type=\"submit\" disabled=\"\">...</button>`\n\nFix this problem, or use `{force: true}` to disable error checking.\n\nhttps://on.cypress.io/element-cannot-be-interacted-with\n    at $Cy.ensureNotDisabled (http://localhost:3000/__cypress/runner/cypress_runner.js:161122:24)\n    at runAllChecks (http://localhost:3000/__cypress/runner/cypress_runner.js:150107:14)\n    at retryActionability (http://localhost:3000/__cypress/runner/cypress_runner.js:150163:16)\n    at tryCatcher (http://localhost:3000/__cypress/runner/cypress_runner.js:10325:23)\n    at Function.Promise.attempt.Promise.try (http://localhost:3000/__cypress/runner/cypress_runner.js:7599:29)\n    at tryFn (http://localhost:3000/__cypress/runner/cypress_runner.js:165556:21)\n    at whenStable (http://localhost:3000/__cypress/runner/cypress_runner.js:165594:12)\n    at http://localhost:3000/__cypress/runner/cypress_runner.js:165089:16\n    at tryCatcher (http://localhost:3000/__cypress/runner/cypress_runner.js:10325:23)\n    at Promise._settlePromiseFromHandler (http://localhost:3000/__cypress/runner/cypress_runner.js:8260:31)\n    at Promise._settlePromise (http://localhost:3000/__cypress/runner/cypress_runner.js:8317:18)\n    at Promise._settlePromise0 (http://localhost:3000/__cypress/runner/cypress_runner.js:8362:10)\n    at Promise._settlePromises (http://localhost:3000/__cypress/runner/cypress_runner.js:8442:18)\n    at Promise._fulfill (http://localhost:3000/__cypress/runner/cypress_runner.js:8386:18)\n    at http://localhost:3000/__cypress/runner/cypress_runner.js:10000:46\nFrom Your Spec Code:\n    at clickButton (http://localhost:3000/__cypress/tests?p=cypress/integration/productDetailsAdmin.spec.js:167:19)\n    at login (http://localhost:3000/__cypress/tests?p=cypress/integration/productDetailsAdmin.spec.js:201:3)\n    at Context.eval (http://localhost:3000/__cypress/tests?p=cypress/integration/productDetailsAdmin.spec.js:365:27)",
                "diff": null
              },
              "uuid": "ffc834f6-3784-45a9-a3ce-c2976c43afa5",
              "parentUUID": "aba045db-54ab-4696-bd9f-141f113ed764",
              "isHook": false,
              "skipped": false
            },
            {
              "title": "Será validado que o pedido contém todos os detalhes do pedido",
              "fullTitle": "Criar tela de detalhes pedidos do admininstrador Será validado que o pedido contém todos os detalhes do pedido",
              "timedOut": null,
              "duration": 5659,
              "state": "failed",
              "speed": null,
              "pass": false,
              "fail": true,
              "pending": false,
              "context": null,
              "code": "(0, _actionBase.login)(Cypress.env('loginAdmin'), Cypress.env('passwordAdmin'));\n(0, _actionBase.accessOrdersAdmin)();\n(0, _actionBase.clickButton)('[data-testid=\"0-order-number\"]');\n(0, _actionBase.verifyElementContainsText)('[data-testid=\"order-number\"]', 'Pedido 1');\n(0, _actionBase.verifyElementContainsText)('[data-testid=\"order-status\"]', 'Pendente');\n(0, _actionBase.verifyElementContainsText)('[data-testid=\"0-product-name\"]', 'Skol Lata 250ml');\n(0, _actionBase.verifyElementContainsText)('[data-testid=\"0-product-qtd\"]', '1');\n(0, _actionBase.verifyElementContainsText)('[data-testid=\"0-product-total-value\"]', 'R$ 2,20');\n(0, _actionBase.verifyElementContainsText)('[data-testid=\"0-order-unit-price\"]', '(R$ 2,20)');\n(0, _actionBase.verifyElementContainsText)('[data-testid=\"order-total-value\"]', 'R$ 2,20');",
              "err": {
                "message": "CypressError: `cy.type()` failed because it targeted a disabled element.\n\nThe element typed into was:\n\n  > <input id=\"email-ipt\" data-testid=\"email-input\" name=\"email\" type=\"text\" class=\"border rounded-md p-2 focus:outline-none focus:border-secondary-dark\" placeholder=\"Enter your email...\" required=\"\" value=\"\">\n\nEnsure the element does not have an attribute named `disabled` before typing into it.\n\nhttps://on.cypress.io/type",
                "estack": "CypressError: `cy.type()` failed because it targeted a disabled element.\n\nThe element typed into was:\n\n  > <input id=\"email-ipt\" data-testid=\"email-input\" name=\"email\" type=\"text\" class=\"border rounded-md p-2 focus:outline-none focus:border-secondary-dark\" placeholder=\"Enter your email...\" required=\"\" value=\"\">\n\nEnsure the element does not have an attribute named `disabled` before typing into it.\n\nhttps://on.cypress.io/type\n    at http://localhost:3000/__cypress/runner/cypress_runner.js:153983:27\n    at tryCatcher (http://localhost:3000/__cypress/runner/cypress_runner.js:10325:23)\n    at Promise._settlePromiseFromHandler (http://localhost:3000/__cypress/runner/cypress_runner.js:8260:31)\n    at Promise._settlePromise (http://localhost:3000/__cypress/runner/cypress_runner.js:8317:18)\n    at Promise._settlePromise0 (http://localhost:3000/__cypress/runner/cypress_runner.js:8362:10)\n    at Promise._settlePromises (http://localhost:3000/__cypress/runner/cypress_runner.js:8442:18)\n    at _drainQueueStep (http://localhost:3000/__cypress/runner/cypress_runner.js:5032:12)\n    at _drainQueue (http://localhost:3000/__cypress/runner/cypress_runner.js:5025:9)\n    at Async.../../node_modules/bluebird/js/release/async.js.Async._drainQueues (http://localhost:3000/__cypress/runner/cypress_runner.js:5041:5)\n    at Async.drainQueues (http://localhost:3000/__cypress/runner/cypress_runner.js:4911:14)\nFrom Your Spec Code:\n    at insertText (http://localhost:3000/__cypress/tests?p=cypress/integration/productDetailsAdmin.spec.js:195:19)\n    at login (http://localhost:3000/__cypress/tests?p=cypress/integration/productDetailsAdmin.spec.js:199:3)\n    at Context.eval (http://localhost:3000/__cypress/tests?p=cypress/integration/productDetailsAdmin.spec.js:372:27)",
                "diff": null
              },
              "uuid": "92d89497-d621-458a-a6f4-96f3bc97c489",
              "parentUUID": "aba045db-54ab-4696-bd9f-141f113ed764",
              "isHook": false,
              "skipped": false
            },
            {
              "title": "Será validado que o pedido com status pendente irá apresentar na tela o botão \"Marcar como entregue\"",
              "fullTitle": "Criar tela de detalhes pedidos do admininstrador Será validado que o pedido com status pendente irá apresentar na tela o botão \"Marcar como entregue\"",
              "timedOut": null,
              "duration": 15082,
              "state": "failed",
              "speed": null,
              "pass": false,
              "fail": true,
              "pending": false,
              "context": null,
              "code": "(0, _actionBase.login)(Cypress.env('loginAdmin'), Cypress.env('passwordAdmin'));\n(0, _actionBase.accessOrdersAdmin)();\n(0, _actionBase.clickButton)('[data-testid=\"0-order-number\"]');\n(0, _actionBase.verifyElementContainsText)('[data-testid=\"order-number\"]', 'Pedido 1');\n(0, _actionBase.verifyElementContainsText)('[data-testid=\"order-status\"]', 'Pendente');\n(0, _actionBase.verifyElementVisible)('[data-testid=\"mark-as-delivered-btn\"]');\n(0, _actionBase.verifyElementContainsText)('[data-testid=\"mark-as-delivered-btn\"]', 'Marcar como entregue');",
              "err": {
                "message": "CypressError: Timed out retrying: `cy.type()` failed because this element is detached from the DOM.\n\n`<input id=\"email-ipt\" data-testid=\"email-input\" name=\"email\" type=\"text\" class=\"border rounded-md p-2 focus:outline-none focus:border-secondary-dark\" placeholder=\"Enter your email...\" required=\"\" value=\"\">`\n\nCypress requires elements be attached in the DOM to interact with them.\n\nThe previous command that ran was:\n\n  > `cy.get()`\n\nThis DOM element likely became detached somewhere between the previous and current command.\n\nCommon situations why this happens:\n  - Your JS framework re-rendered asynchronously\n  - Your app code reacted to an event firing and removed the element\n\nYou typically need to re-query for the element or add 'guards' which delay Cypress from running new commands.\n\nhttps://on.cypress.io/element-has-detached-from-dom",
                "estack": "CypressError: Timed out retrying: `cy.type()` failed because this element is detached from the DOM.\n\n`<input id=\"email-ipt\" data-testid=\"email-input\" name=\"email\" type=\"text\" class=\"border rounded-md p-2 focus:outline-none focus:border-secondary-dark\" placeholder=\"Enter your email...\" required=\"\" value=\"\">`\n\nCypress requires elements be attached in the DOM to interact with them.\n\nThe previous command that ran was:\n\n  > `cy.get()`\n\nThis DOM element likely became detached somewhere between the previous and current command.\n\nCommon situations why this happens:\n  - Your JS framework re-rendered asynchronously\n  - Your app code reacted to an event firing and removed the element\n\nYou typically need to re-query for the element or add 'guards' which delay Cypress from running new commands.\n\nhttps://on.cypress.io/element-has-detached-from-dom\n    at $Cy.ensureAttached (http://localhost:3000/__cypress/runner/cypress_runner.js:161173:24)\n    at runAllChecks (http://localhost:3000/__cypress/runner/cypress_runner.js:150104:12)\n    at retryActionability (http://localhost:3000/__cypress/runner/cypress_runner.js:150163:16)\n    at tryCatcher (http://localhost:3000/__cypress/runner/cypress_runner.js:10325:23)\n    at Function.Promise.attempt.Promise.try (http://localhost:3000/__cypress/runner/cypress_runner.js:7599:29)\n    at tryFn (http://localhost:3000/__cypress/runner/cypress_runner.js:165556:21)\n    at whenStable (http://localhost:3000/__cypress/runner/cypress_runner.js:165594:12)\n    at http://localhost:3000/__cypress/runner/cypress_runner.js:165089:16\n    at tryCatcher (http://localhost:3000/__cypress/runner/cypress_runner.js:10325:23)\n    at Promise._settlePromiseFromHandler (http://localhost:3000/__cypress/runner/cypress_runner.js:8260:31)\n    at Promise._settlePromise (http://localhost:3000/__cypress/runner/cypress_runner.js:8317:18)\n    at Promise._settlePromise0 (http://localhost:3000/__cypress/runner/cypress_runner.js:8362:10)\n    at Promise._settlePromises (http://localhost:3000/__cypress/runner/cypress_runner.js:8442:18)\n    at Promise._fulfill (http://localhost:3000/__cypress/runner/cypress_runner.js:8386:18)\n    at http://localhost:3000/__cypress/runner/cypress_runner.js:10000:46\nFrom Your Spec Code:\n    at insertText (http://localhost:3000/__cypress/tests?p=cypress/integration/productDetailsAdmin.spec.js:195:19)\n    at login (http://localhost:3000/__cypress/tests?p=cypress/integration/productDetailsAdmin.spec.js:199:3)\n    at Context.eval (http://localhost:3000/__cypress/tests?p=cypress/integration/productDetailsAdmin.spec.js:384:27)",
                "diff": null
              },
              "uuid": "c7520406-a343-42c6-9641-0ad37d7d3799",
              "parentUUID": "aba045db-54ab-4696-bd9f-141f113ed764",
              "isHook": false,
              "skipped": false
            },
            {
              "title": "Será validado que o pedido ao marcar como entregue o status mude para entregue\" e o botão nao esteja mais visível",
              "fullTitle": "Criar tela de detalhes pedidos do admininstrador Será validado que o pedido ao marcar como entregue o status mude para entregue\" e o botão nao esteja mais visível",
              "timedOut": null,
              "duration": 9116,
              "state": "passed",
              "speed": "slow",
              "pass": true,
              "fail": false,
              "pending": false,
              "context": null,
              "code": "(0, _actionBase.login)(Cypress.env('loginAdmin'), Cypress.env('passwordAdmin'));\n(0, _actionBase.accessOrdersAdmin)();\n(0, _actionBase.clickButton)('[data-testid=\"0-order-number\"]');\n(0, _actionBase.verifyElementContainsText)('[data-testid=\"order-number\"]', 'Pedido 1');\n(0, _actionBase.verifyElementContainsText)('[data-testid=\"order-status\"]', 'Pendente');\n(0, _actionBase.clickButton)('[data-testid=\"mark-as-delivered-btn\"]');\n(0, _actionBase.verifyElementContainsText)('[data-testid=\"order-status\"]', 'Entregue');\n(0, _actionBase.verifyElementNotVisible)('[data-testid=\"mark-as-delivered-btn\"]');",
              "err": {},
              "uuid": "a1805b18-5fc4-4585-985c-b26827c7cb74",
              "parentUUID": "aba045db-54ab-4696-bd9f-141f113ed764",
              "isHook": false,
              "skipped": false
            },
            {
              "title": "Será validado que o pedido ao marcar como entregue o status mude para entregue\" na tela de pedidos admin",
              "fullTitle": "Criar tela de detalhes pedidos do admininstrador Será validado que o pedido ao marcar como entregue o status mude para entregue\" na tela de pedidos admin",
              "timedOut": null,
              "duration": 9494,
              "state": "passed",
              "speed": "slow",
              "pass": true,
              "fail": false,
              "pending": false,
              "context": null,
              "code": "(0, _actionBase.login)(Cypress.env('loginAdmin'), Cypress.env('passwordAdmin'));\n(0, _actionBase.accessOrdersAdmin)();\n(0, _actionBase.clickButton)('[data-testid=\"0-order-number\"]');\n(0, _actionBase.verifyElementContainsText)('[data-testid=\"order-number\"]', 'Pedido 1');\n(0, _actionBase.verifyElementContainsText)('[data-testid=\"order-status\"]', 'Pendente');\n(0, _actionBase.clickButton)('[data-testid=\"mark-as-delivered-btn\"]');\n(0, _actionBase.verifyElementContainsText)('[data-testid=\"order-status\"]', 'Entregue');\n(0, _actionBase.verifyElementNotVisible)('[data-testid=\"mark-as-delivered-btn\"]');\n(0, _actionBase.clickButton)('[data-testid=\"side-menu-item-orders\"]');\n(0, _actionBase.verifyElementContainsText)('[data-testid=\"0-order-status\"]', 'Entregue');",
              "err": {},
              "uuid": "3537deba-6813-4e10-8dde-540b02cf086b",
              "parentUUID": "aba045db-54ab-4696-bd9f-141f113ed764",
              "isHook": false,
              "skipped": false
            }
          ],
          "suites": [],
          "passes": [
            "a1805b18-5fc4-4585-985c-b26827c7cb74",
            "3537deba-6813-4e10-8dde-540b02cf086b"
          ],
          "failures": [
            "0f65d9e8-7e92-4b9a-977f-cfd148b371bf",
            "67c1ec2f-ab5b-4821-a603-401c5bee1e4e",
            "ffc834f6-3784-45a9-a3ce-c2976c43afa5",
            "92d89497-d621-458a-a6f4-96f3bc97c489",
            "c7520406-a343-42c6-9641-0ad37d7d3799"
          ],
          "pending": [],
          "skipped": [],
          "duration": 84814,
          "root": false,
          "rootEmpty": false,
          "_timeout": 2000
        }
      ],
      "passes": [],
      "failures": [],
      "pending": [],
      "skipped": [],
      "duration": 0,
      "root": true,
      "rootEmpty": true,
      "_timeout": 2000
    }
  ],
  "meta": {
    "mocha": {
      "version": "7.0.1"
    },
    "mochawesome": {
      "options": {
        "quiet": false,
        "reportFilename": "mochawesome",
        "saveHtml": false,
        "saveJson": true,
        "consoleReporter": "spec",
        "useInlineDiffs": false
      },
      "version": "4.1.0"
    },
    "marge": {
      "options": {
        "id": "default",
        "reportDir": "cypress/reports",
        "overwrite": false,
        "html": false,
        "json": true
      },
      "version": "4.1.0"
    }
  }
}